<?xml version="1.0" encoding="UTF-8"?>
<!-- Generated by org.testng.reporters.JUnitReportReporter -->
<testsuite hostname="Jotis-MacBook-Pro.local" failures="0" tests="2" name="org.tabin.auth.AuthApiTest" time="0.923" errors="0" timestamp="2025-04-15T21:13:19 PDT" skipped="0">
  <testcase classname="org.tabin.auth.AuthApiTest" name="testAuthGoogleEndpoint" time="0.922"/>
  <testcase classname="org.tabin.auth.AuthApiTest" name="testSharedAccessToken" time="0.001"/>
</testsuite> <!-- org.tabin.auth.AuthApiTest -->
